#
# There is insufficient memory for the Java Runtime Environment to continue.
# Native memory allocation (mmap) failed to map 117440512 bytes for Failed to commit area from 0x0000000091800000 to 0x0000000098800000 of length 117440512.
# Possible reasons:
#   The system is out of physical RAM or swap space
#   The process is running with CompressedOops enabled, and the Java Heap may be blocking the growth of the native heap
# Possible solutions:
#   Reduce memory load on the system
#   Increase physical memory or swap space
#   Check if swap backing store is full
#   Decrease Java heap size (-Xmx/-Xms)
#   Decrease number of Java threads
#   Decrease Java thread stack sizes (-Xss)
#   Set larger code cache with -XX:ReservedCodeCacheSize=
# This output file may be truncated or incomplete.
#
#  Out of Memory Error (t:/workspace/open/src/hotspot/os/windows/os_windows.cpp:3269), pid=7652, tid=4324
#
# JRE version:  (11.0+28) (build )
# Java VM: Java HotSpot(TM) 64-Bit Server VM (11+28, mixed mode, aot, sharing, tiered, compressed oops, g1 gc, windows-amd64)
# No core dump will be written. Minidumps are not enabled by default on client versions of Windows
#

---------------  S U M M A R Y ------------

Command Line: 

Host: AMD Ryzen 5 2500U with Radeon Vega Mobile Gfx  , 8 cores, 6G,  Windows 10 , 64 bit Build 17134 (10.0.17134.1)
Time: Wed Dec 12 01:58:16 2018 ?D1¨²¡À¨º¡Á?¨º¡À?? elapsed time: 0 seconds (0d 0h 0m 0s)

---------------  T H R E A D  ---------------

Current thread (0x00000219a6e47000):  JavaThread "Unknown thread" [_thread_in_vm, id=4324, stack(0x0000004171f00000,0x0000004172000000)]

Stack: [0x0000004171f00000,0x0000004172000000]
Native frames: (J=compiled Java code, j=interpreted, Vv=VM code, C=native code)
V  [jvm.dll+0x63c22a]
V  [jvm.dll+0x7797ef]
V  [jvm.dll+0x77adda]
V  [jvm.dll+0x77b493]
V  [jvm.dll+0x262818]
V  [jvm.dll+0x6396da]
V  [jvm.dll+0x62dfb5]
V  [jvm.dll+0x31699c]
V  [jvm.dll+0x316822]
V  [jvm.dll+0x31c096]
V  [jvm.dll+0x3684af]
V  [jvm.dll+0x367ed0]
V  [jvm.dll+0x2f38b8]
V  [jvm.dll+0x2f4a16]
V  [jvm.dll+0x752db7]
V  [jvm.dll+0x7544ff]
V  [jvm.dll+0x3752e9]
V  [jvm.dll+0x7394b9]
V  [jvm.dll+0x3e46fd]
V  [jvm.dll+0x3e69d1]
C  [java.exe+0x3603]
C  [java.exe+0x178dc]
C  [KERNEL32.DLL+0x13034]
C  [ntdll.dll+0x71471]


---------------  P R O C E S S  ---------------

Threads class SMR info:
_java_thread_list=0x00000219a4c4fb70, length=0, elements={
}

Java Threads: ( => current thread )

Other Threads:
  0x00000219a6e5a800 GCTaskThread "GC Thread#0" [stack: 0x0000004172000000,0x0000004172100000] [id=9016]
  0x00000219a6e86000 ConcurrentGCThread "G1 Main Marker" [stack: 0x0000004172100000,0x0000004172200000] [id=1796]
  0x00000219a6e87800 ConcurrentGCThread "G1 Conc#0" [stack: 0x0000004172200000,0x0000004172300000] [id=17868]

[error occurred during error reporting (printing all threads), id 0xc0000005, EXCEPTION_ACCESS_VIOLATION (0xc0000005) at pc=0x00007fff98192137]

VM state:not at safepoint (not fully initialized)

VM Mutex/Monitor currently owned by a thread:  ([mutex/lock_event])
[0x00000219a6e44200] Heap_lock - owner thread: 0x00000219a6e47000

Heap address: 0x0000000091800000, size: 1768 MB, Compressed Oops mode: Non-zero based: 0x0000000091800000
Narrow klass base: 0x0000000000000000, Narrow klass shift: 0

GC Heap History (0 events):
No events

Deoptimization events (0 events):
No events

Classes redefined (0 events):
No events

Internal exceptions (0 events):
No events

Events (0 events):
No events


Dynamic libraries:
0x00007ff7f11d0000 - 0x00007ff7f1217000 	C:\ApplicationsOnPatrick\JavaDev\jdk11\bin\java.exe
0x00007ffff3600000 - 0x00007ffff37e1000 	C:\WINDOWS\SYSTEM32\ntdll.dll
0x00007ffff3020000 - 0x00007ffff30d2000 	C:\WINDOWS\System32\KERNEL32.DLL
0x00007ffff0010000 - 0x00007ffff0283000 	C:\WINDOWS\System32\KERNELBASE.dll
0x00007ffff2c90000 - 0x00007ffff2d31000 	C:\WINDOWS\System32\ADVAPI32.dll
0x00007ffff2f80000 - 0x00007ffff301e000 	C:\WINDOWS\System32\msvcrt.dll
0x00007ffff2e50000 - 0x00007ffff2eab000 	C:\WINDOWS\System32\sechost.dll
0x00007ffff2b60000 - 0x00007ffff2c84000 	C:\WINDOWS\System32\RPCRT4.dll
0x00007ffff0a90000 - 0x00007ffff0c20000 	C:\WINDOWS\System32\USER32.dll
0x00007fffefff0000 - 0x00007ffff0010000 	C:\WINDOWS\System32\win32u.dll
0x00007ffff2430000 - 0x00007ffff2458000 	C:\WINDOWS\System32\GDI32.dll
0x00007fffefb50000 - 0x00007fffefce2000 	C:\WINDOWS\System32\gdi32full.dll
0x00007ffff09f0000 - 0x00007ffff0a8f000 	C:\WINDOWS\System32\msvcp_win.dll
0x00007fffefa50000 - 0x00007fffefb4a000 	C:\WINDOWS\System32\ucrtbase.dll
0x00007fffda330000 - 0x00007fffda599000 	C:\WINDOWS\WinSxS\amd64_microsoft.windows.common-controls_6595b64144ccf1df_6.0.17134.407_none_fb449d63306391e9\COMCTL32.dll
0x00007fffeacf0000 - 0x00007fffeacfa000 	C:\WINDOWS\SYSTEM32\VERSION.dll
0x00007ffff2690000 - 0x00007ffff29b2000 	C:\WINDOWS\System32\combase.dll
0x00007fffef9d0000 - 0x00007fffefa4a000 	C:\WINDOWS\System32\bcryptPrimitives.dll
0x00007ffff2350000 - 0x00007ffff237d000 	C:\WINDOWS\System32\IMM32.DLL
0x00007fffc11b0000 - 0x00007fffc11c6000 	C:\ApplicationsOnPatrick\JavaDev\jdk11\bin\vcruntime140.dll
0x00007fffbb7e0000 - 0x00007fffbb88a000 	C:\ApplicationsOnPatrick\JavaDev\jdk11\bin\msvcp140.dll
0x00007fff97e90000 - 0x00007fff989d2000 	C:\ApplicationsOnPatrick\JavaDev\jdk11\bin\server\jvm.dll
0x00007ffff0f00000 - 0x00007ffff0f08000 	C:\WINDOWS\System32\PSAPI.DLL
0x00007fffed4d0000 - 0x00007fffed4f3000 	C:\WINDOWS\SYSTEM32\WINMM.dll
0x00007fffe9700000 - 0x00007fffe9709000 	C:\WINDOWS\SYSTEM32\WSOCK32.dll
0x00007ffff2f10000 - 0x00007ffff2f7c000 	C:\WINDOWS\System32\WS2_32.dll
0x00007fffeced0000 - 0x00007fffecefa000 	C:\WINDOWS\SYSTEM32\winmmbase.dll
0x00007ffff09a0000 - 0x00007ffff09e9000 	C:\WINDOWS\System32\cfgmgr32.dll
0x00007fffef990000 - 0x00007fffef9a1000 	C:\WINDOWS\System32\kernel.appcore.dll
0x00007fffc1190000 - 0x00007fffc11a1000 	C:\ApplicationsOnPatrick\JavaDev\jdk11\bin\verify.dll
0x00007fffd0a20000 - 0x00007fffd0be9000 	C:\WINDOWS\SYSTEM32\DBGHELP.DLL
0x00007fffedb20000 - 0x00007fffedb49000 	C:\WINDOWS\SYSTEM32\dbgcore.DLL
0x00007fffc1160000 - 0x00007fffc1189000 	C:\ApplicationsOnPatrick\JavaDev\jdk11\bin\java.dll
0x00007fffc1040000 - 0x00007fffc1056000 	C:\ApplicationsOnPatrick\JavaDev\jdk11\bin\zip.dll
0x00007fffd9020000 - 0x00007fffd902a000 	C:\ApplicationsOnPatrick\JavaDev\jdk11\bin\jimage.dll

dbghelp: loaded successfully - version: 4.0.5 - missing functions: none
symbol engine: initialized successfully - sym options: 0x614 - pdb path: .;C:\ApplicationsOnPatrick\JavaDev\jdk11\bin;C:\WINDOWS\SYSTEM32;C:\WINDOWS\WinSxS\amd64_microsoft.windows.common-controls_6595b64144ccf1df_6.0.17134.407_none_fb449d63306391e9;C:\ApplicationsOnPatrick\JavaDev\jdk11\bin\server

VM Arguments:
java_command: <unknown>
java_class_path (initial): <not set>
Launcher Type: SUN_STANDARD

[Global flags]
     intx CICompilerCount                          = 4                                         {product} {ergonomic}
     uint ConcGCThreads                            = 2                                         {product} {ergonomic}
     uint G1ConcRefinementThreads                  = 8                                         {product} {ergonomic}
   size_t G1HeapRegionSize                         = 1048576                                   {product} {ergonomic}
    uintx GCDrainStackTargetSize                   = 64                                        {product} {ergonomic}
   size_t InitialHeapSize                          = 117440512                                 {product} {ergonomic}
   size_t MarkStackSize                            = 4194304                                   {product} {ergonomic}
   size_t MaxHeapSize                              = 1853882368                                {product} {ergonomic}
   size_t MinHeapDeltaBytes                        = 1048576                                   {product} {ergonomic}
    uintx NonNMethodCodeHeapSize                   = 5835340                                {pd product} {ergonomic}
    uintx NonProfiledCodeHeapSize                  = 122911450                              {pd product} {ergonomic}
    uintx ProfiledCodeHeapSize                     = 122911450                              {pd product} {ergonomic}
    uintx ReservedCodeCacheSize                    = 251658240                              {pd product} {ergonomic}
     bool SegmentedCodeCache                       = true                                      {product} {ergonomic}
     bool UseCompressedClassPointers               = true                                 {lp64_product} {ergonomic}
     bool UseCompressedOops                        = true                                 {lp64_product} {ergonomic}
     bool UseG1GC                                  = true                                      {product} {ergonomic}
     bool UseLargePagesIndividualAllocation        = false                                  {pd product} {ergonomic}

Logging:
Log output configuration:
 #0: stdout all=warning uptime,level,tags
 #1: stderr all=off uptime,level,tags

Environment Variables:
JAVA_HOME=C:\ApplicationsOnPatrick\JavaDev\jdk11
PATH=C:\Program Files (x86)\Common Files\Oracle\Java\javapath;C:\ApplicationsOnPatrick\PythonDev\Scripts\;C:\ApplicationsOnPatrick\PythonDev\;C:\WINDOWS\system32;C:\WINDOWS;C:\WINDOWS\System32\Wbem;C:\WINDOWS\System32\WindowsPowerShell\v1.0\;C:\Program Files\Intel\WiFi\bin\;C:\Program Files\Common Files\Intel\WirelessCommon\;C:\ApplicationsOnPatrick\PythonDev\Scripts;C:\Program Files (x86)\Graphviz2.38\bin;C:\WINDOWS\System32\OpenSSH\;C:\ApplicationsOnPatrick\mingw64\bin;C:\ApplicationsOnPatrick\mysql8.0.12\bin;C:\ApplicationsOnPatrick\JavaDev\jdk11\bin\;C:\ApplicationsOnPatrick\Git\cmd;C:\ApplicationsOnPatrick\sqlite;C:\Users\Dawne\AppData\Local\Microsoft\WindowsApps;;C:\ApplicationsOnPatrick\Microsoft VS Code\bin;D:\ApplicationsOnPatrick\PyCharm Community Edition 2018.3\bin;;D:\PyCharm 2018.3\bin;;C:\ApplicationsOnPatrick\PythonDev\lib\site-packages\numpy\.libs;C:\ApplicationsOnPatrick\PythonDev\lib\site-packages\scipy\extra-dll
USERNAME=Dawne
OS=Windows_NT
PROCESSOR_IDENTIFIER=AMD64 Family 23 Model 17 Stepping 0, AuthenticAMD



---------------  S Y S T E M  ---------------

OS: Windows 10 , 64 bit Build 17134 (10.0.17134.1)

CPU:total 8 (initial active 8) (8 cores per cpu, 2 threads per core) family 23 model 17 stepping 0, cmov, cx8, fxsr, mmx, sse, sse2, sse3, ssse3, sse4.1, sse4.2, popcnt, avx, avx2, aes, clmul, mmxext, 3dnowpref, lzcnt, sse4a, ht, tsc, tscinvbit, tscinv, bmi1, bmi2, adx, sha, fma

Memory: 4k page, system-wide physical 7069M (1067M free)
TotalPageFile size 25818M (AvailPageFile size 78M)
current process WorkingSet (physical memory assigned to process): 9M, peak: 9M
current process commit charge ("private bytes"): 60M, peak: 172M

vm_info: Java HotSpot(TM) 64-Bit Server VM (11+28) for windows-amd64 JRE (11+28), built on Aug 23 2018 03:03:59 by "mach5one" with MS VC++ 15.5 (VS2017)

END.
