#
# There is insufficient memory for the Java Runtime Environment to continue.
# Native memory allocation (mmap) failed to map 120586240 bytes for Failed to commit area from 0x0000000708f00000 to 0x0000000710200000 of length 120586240.
# Possible reasons:
#   The system is out of physical RAM or swap space
#   The process is running with CompressedOops enabled, and the Java Heap may be blocking the growth of the native heap
# Possible solutions:
#   Reduce memory load on the system
#   Increase physical memory or swap space
#   Check if swap backing store is full
#   Decrease Java heap size (-Xmx/-Xms)
#   Decrease number of Java threads
#   Decrease Java thread stack sizes (-Xss)
#   Set larger code cache with -XX:ReservedCodeCacheSize=
#   JVM is running with Zero Based Compressed Oops mode in which the Java heap is
#     placed in the first 32GB address space. The Java Heap base address is the
#     maximum limit for the native heap growth. Please use -XX:HeapBaseMinAddress
#     to set the Java Heap base and to place the Java Heap above 32GB virtual address.
# This output file may be truncated or incomplete.
#
#  Out of Memory Error (t:/workspace/open/src/hotspot/os/windows/os_windows.cpp:3269), pid=236, tid=18572
#
# JRE version: Java(TM) SE Runtime Environment (11.0+28) (build 11+28)
# Java VM: Java HotSpot(TM) 64-Bit Server VM (11+28, mixed mode, tiered, compressed oops, g1 gc, windows-amd64)
# No core dump will be written. Minidumps are not enabled by default on client versions of Windows
#

---------------  S U M M A R Y ------------

Command Line: -Xmx4g edu.stanford.nlp.pipeline.StanfordCoreNLPServer -port 9008

Host: AMD Ryzen 5 2500U with Radeon Vega Mobile Gfx  , 8 cores, 6G,  Windows 10 , 64 bit Build 17134 (10.0.17134.1)
Time: Wed Dec 12 01:50:43 2018 ?D1¨²¡À¨º¡Á?¨º¡À?? elapsed time: 2 seconds (0d 0h 0m 2s)

---------------  T H R E A D  ---------------

Current thread (0x00000235f13df800):  VMThread "VM Thread" [stack: 0x0000006d83800000,0x0000006d83900000] [id=18572]

Stack: [0x0000006d83800000,0x0000006d83900000]
[error occurred during error reporting (printing stack bounds), id 0xc0000005, EXCEPTION_ACCESS_VIOLATION (0xc0000005) at pc=0x00000235d55e0bad]

Native frames: (J=compiled Java code, j=interpreted, Vv=VM code, C=native code)
V  [jvm.dll+0x63c22a]
V  [jvm.dll+0x7797ef]
V  [jvm.dll+0x77adda]
V  [jvm.dll+0x77b3f5]
V  [jvm.dll+0x77b3ab]
V  [jvm.dll+0x63b926]
V  [jvm.dll+0x63bcf8]
C  [ntdll.dll+0x9ed3d]
C  [ntdll.dll+0x6c86]
C  [ntdll.dll+0x9dc6e]
C  0x00000235d55e0bad

VM_Operation (0x0000006d846fcf20): G1CollectForAllocation, mode: safepoint, requested by thread 0x00000235f22ca000


---------------  P R O C E S S  ---------------

Threads class SMR info:
_java_thread_list=0x00000235f347ad40, length=15, elements={
0x00000235f13e2000, 0x00000235f1c10800, 0x00000235f1c79800, 0x00000235f1c7a800,
0x00000235f1c7c000, 0x00000235f1c80000, 0x00000235f1c89000, 0x00000235f1df9800,
0x00000235f1dfd800, 0x00000235f1f52800, 0x00000235f21be800, 0x00000235cbae7000,
0x00000235f2417800, 0x00000235f22ca000, 0x00000235f3274800
}

Java Threads: ( => current thread )
  0x00000235f13e2000 JavaThread "Reference Handler" daemon [_thread_blocked, id=18676, stack(0x0000006d83900000,0x0000006d83a00000)]
  0x00000235f1c10800 JavaThread "Finalizer" daemon [_thread_blocked, id=7100, stack(0x0000006d83a00000,0x0000006d83b00000)]
  0x00000235f1c79800 JavaThread "Signal Dispatcher" daemon [_thread_blocked, id=14804, stack(0x0000006d83b00000,0x0000006d83c00000)]
  0x00000235f1c7a800 JavaThread "Attach Listener" daemon [_thread_blocked, id=460, stack(0x0000006d83c00000,0x0000006d83d00000)]
  0x00000235f1c7c000 JavaThread "C2 CompilerThread0" daemon [_thread_blocked, id=19388, stack(0x0000006d83d00000,0x0000006d83e00000)]
  0x00000235f1c80000 JavaThread "C1 CompilerThread0" daemon [_thread_blocked, id=11920, stack(0x0000006d83e00000,0x0000006d83f00000)]
  0x00000235f1c89000 JavaThread "Sweeper thread" daemon [_thread_blocked, id=14288, stack(0x0000006d83f00000,0x0000006d84000000)]
  0x00000235f1df9800 JavaThread "Service Thread" daemon [_thread_blocked, id=2504, stack(0x0000006d84000000,0x0000006d84100000)]
  0x00000235f1dfd800 JavaThread "Common-Cleaner" daemon [_thread_blocked, id=5092, stack(0x0000006d84200000,0x0000006d84300000)]
  0x00000235f1f52800 JavaThread "server-timer" daemon [_thread_blocked, id=11372, stack(0x0000006d84300000,0x0000006d84400000)]
  0x00000235f21be800 JavaThread "HTTP-Dispatcher" [_thread_in_native, id=8172, stack(0x0000006d84400000,0x0000006d84500000)]
  0x00000235cbae7000 JavaThread "DestroyJavaVM" [_thread_blocked, id=6988, stack(0x0000006d83200000,0x0000006d83300000)]
  0x00000235f2417800 JavaThread "pool-1-thread-1" [_thread_blocked, id=3012, stack(0x0000006d84500000,0x0000006d84600000)]
  0x00000235f22ca000 JavaThread "pool-1-thread-2" [_thread_blocked, id=12836, stack(0x0000006d84600000,0x0000006d84700000)]
  0x00000235f3274800 JavaThread "C2 CompilerThread1" daemon [_thread_blocked, id=5664, stack(0x0000006d84700000,0x0000006d84800000)]

Other Threads:
=>0x00000235f13df800 VMThread "VM Thread" [stack: 0x0000006d83800000,0x0000006d83900000] [id=18572]
  0x00000235f1dfc800 WatcherThread [stack: 0x0000006d84100000,0x0000006d84200000] [id=7632]
  0x00000235cbafc800 GCTaskThread "GC Thread#0" [stack: 0x0000006d83300000,0x0000006d83400000] [id=10648]
  0x00000235f3553000 GCTaskThread "GC Thread#1" [stack: 0x0000006d84c00000,0x0000006d84d00000] [id=16348]
  0x00000235f3232800 GCTaskThread "GC Thread#2" [stack: 0x0000006d84d00000,0x0000006d84e00000] [id=19876]
  0x00000235f3233800 GCTaskThread "GC Thread#3" [stack: 0x0000006d84e00000,0x0000006d84f00000] [id=1524]
  0x00000235f255c800 GCTaskThread "GC Thread#4" [stack: 0x0000006d84f00000,0x0000006d85000000] [id=17596]
  0x00000235f33de800 GCTaskThread "GC Thread#5" [stack: 0x0000006d85000000,0x0000006d85100000] [id=5132]
  0x00000235f31b0800 GCTaskThread "GC Thread#6" [stack: 0x0000006d85100000,0x0000006d85200000] [id=11168]
  0x00000235f255d800 GCTaskThread "GC Thread#7" [stack: 0x0000006d85200000,0x0000006d85300000] [id=18724]
  0x00000235cbb5a000 ConcurrentGCThread "G1 Main Marker" [stack: 0x0000006d83400000,0x0000006d83500000] [id=16108]
  0x00000235cbb5b800 ConcurrentGCThread "G1 Conc#0" [stack: 0x0000006d83500000,0x0000006d83600000] [id=15244]
  0x00000235f3817000 ConcurrentGCThread "G1 Conc#1" [stack: 0x0000006d85600000,0x0000006d85700000] [id=6960]
  0x00000235f124b800 ConcurrentGCThread "G1 Refine#0" [stack: 0x0000006d83600000,0x0000006d83700000] [id=19788]
  0x00000235f2631800 ConcurrentGCThread "G1 Refine#1" [stack: 0x0000006d84900000,0x0000006d84a00000] [id=8928]
  0x00000235f25a4000 ConcurrentGCThread "G1 Refine#2" [stack: 0x0000006d84a00000,0x0000006d84b00000] [id=12008]
  0x00000235f25a5000 ConcurrentGCThread "G1 Refine#3" [stack: 0x0000006d84b00000,0x0000006d84c00000] [id=2076]
  0x00000235f2786800 ConcurrentGCThread "G1 Refine#4" [stack: 0x0000006d85300000,0x0000006d85400000] [id=13300]
  0x00000235f34dd000 ConcurrentGCThread "G1 Refine#5" [stack: 0x0000006d85400000,0x0000006d85500000] [id=18792]
  0x00000235f267a800 ConcurrentGCThread "G1 Refine#6" [stack: 0x0000006d85500000,0x0000006d85600000] [id=19228]
  0x00000235f3818000 ConcurrentGCThread "G1 Refine#7" [stack: 0x0000006d85700000,0x0000006d85800000] [id=8456]
  0x00000235f124e000 ConcurrentGCThread "G1 Young RemSet Sampling" [stack: 0x0000006d83700000,0x0000006d83800000] [id=14864]

Threads with active compile tasks:
C2 CompilerThread01063       4       java.util.zip.GZIPInputStream::read (65 bytes)
C2 CompilerThread11061       4       java.io.BufferedInputStream::fill (236 bytes)

VM state:at safepoint (normal execution)

VM Mutex/Monitor currently owned by a thread:  ([mutex/lock_event])
[0x00000235cbae4bc0] Threads_lock - owner thread: 0x00000235f13df800
[0x00000235cbae4c50] Heap_lock - owner thread: 0x00000235f22ca000

Heap address: 0x0000000700000000, size: 4096 MB, Compressed Oops mode: Zero based, Oop shift amount: 3
Narrow klass base: 0x0000000800000000, Narrow klass shift: 0
Compressed class space size: 1073741824 Address: 0x0000000800000000

Heap:
 garbage-first heap   total 264192K, used 110592K [0x0000000700000000, 0x0000000800000000)
  region size 1024K, 2 young (2048K), 2 survivors (2048K)
 Metaspace       used 13513K, capacity 13849K, committed 14080K, reserved 1062912K
  class space    used 1321K, capacity 1418K, committed 1536K, reserved 1048576K
Heap Regions: E=young(eden), S=young(survivor), O=old, HS=humongous(starts), HC=humongous(continues), CS=collection set, F=free, A=archive, TAMS=top-at-mark-start (previous, next)
|   0|0x0000000700000000, 0x0000000700100000, 0x0000000700100000|100%|HS|  |TAMS 0x0000000700100000, 0x0000000700000000| Complete 
|   1|0x0000000700100000, 0x0000000700200000, 0x0000000700200000|100%|HC|  |TAMS 0x0000000700200000, 0x0000000700100000| Complete 
|   2|0x0000000700200000, 0x0000000700300000, 0x0000000700300000|100%|HC|  |TAMS 0x0000000700300000, 0x0000000700200000| Complete 
|   3|0x0000000700300000, 0x0000000700400000, 0x0000000700400000|100%|HC|  |TAMS 0x0000000700400000, 0x0000000700300000| Complete 
|   4|0x0000000700400000, 0x0000000700500000, 0x0000000700500000|100%|HC|  |TAMS 0x0000000700500000, 0x0000000700400000| Complete 
|   5|0x0000000700500000, 0x0000000700600000, 0x0000000700600000|100%|HC|  |TAMS 0x0000000700600000, 0x0000000700500000| Complete 
|   6|0x0000000700600000, 0x0000000700700000, 0x0000000700700000|100%|HC|  |TAMS 0x0000000700700000, 0x0000000700600000| Complete 
|   7|0x0000000700700000, 0x0000000700800000, 0x0000000700800000|100%|HC|  |TAMS 0x0000000700800000, 0x0000000700700000| Complete 
|   8|0x0000000700800000, 0x0000000700900000, 0x0000000700900000|100%|HC|  |TAMS 0x0000000700900000, 0x0000000700800000| Complete 
|   9|0x0000000700900000, 0x0000000700a00000, 0x0000000700a00000|100%|HC|  |TAMS 0x0000000700a00000, 0x0000000700900000| Complete 
|  10|0x0000000700a00000, 0x0000000700b00000, 0x0000000700b00000|100%|HC|  |TAMS 0x0000000700b00000, 0x0000000700a00000| Complete 
|  11|0x0000000700b00000, 0x0000000700c00000, 0x0000000700c00000|100%|HC|  |TAMS 0x0000000700c00000, 0x0000000700b00000| Complete 
|  12|0x0000000700c00000, 0x0000000700d00000, 0x0000000700d00000|100%|HC|  |TAMS 0x0000000700d00000, 0x0000000700c00000| Complete 
|  13|0x0000000700d00000, 0x0000000700e00000, 0x0000000700e00000|100%|HC|  |TAMS 0x0000000700e00000, 0x0000000700d00000| Complete 
|  14|0x0000000700e00000, 0x0000000700f00000, 0x0000000700f00000|100%|HC|  |TAMS 0x0000000700f00000, 0x0000000700e00000| Complete 
|  15|0x0000000700f00000, 0x0000000701000000, 0x0000000701000000|100%|HC|  |TAMS 0x0000000701000000, 0x0000000700f00000| Complete 
|  16|0x0000000701000000, 0x0000000701100000, 0x0000000701100000|100%|HC|  |TAMS 0x0000000701100000, 0x0000000701000000| Complete 
|  17|0x0000000701100000, 0x0000000701200000, 0x0000000701200000|100%|HC|  |TAMS 0x0000000701200000, 0x0000000701100000| Complete 
|  18|0x0000000701200000, 0x0000000701300000, 0x0000000701300000|100%|HC|  |TAMS 0x0000000701300000, 0x0000000701200000| Complete 
|  19|0x0000000701300000, 0x0000000701400000, 0x0000000701400000|100%|HC|  |TAMS 0x0000000701400000, 0x0000000701300000| Complete 
|  20|0x0000000701400000, 0x0000000701500000, 0x0000000701500000|100%|HC|  |TAMS 0x0000000701500000, 0x0000000701400000| Complete 
|  21|0x0000000701500000, 0x0000000701600000, 0x0000000701600000|100%|HC|  |TAMS 0x0000000701600000, 0x0000000701500000| Complete 
|  22|0x0000000701600000, 0x0000000701700000, 0x0000000701700000|100%|HC|  |TAMS 0x0000000701700000, 0x0000000701600000| Complete 
|  23|0x0000000701700000, 0x0000000701800000, 0x0000000701800000|100%|HC|  |TAMS 0x0000000701800000, 0x0000000701700000| Complete 
|  24|0x0000000701800000, 0x0000000701900000, 0x0000000701900000|100%|HC|  |TAMS 0x0000000701900000, 0x0000000701800000| Complete 
|  25|0x0000000701900000, 0x0000000701a00000, 0x0000000701a00000|100%|HC|  |TAMS 0x0000000701a00000, 0x0000000701900000| Complete 
|  26|0x0000000701a00000, 0x0000000701b00000, 0x0000000701b00000|100%|HC|  |TAMS 0x0000000701b00000, 0x0000000701a00000| Complete 
|  27|0x0000000701b00000, 0x0000000701c00000, 0x0000000701c00000|100%|HC|  |TAMS 0x0000000701c00000, 0x0000000701b00000| Complete 
|  28|0x0000000701c00000, 0x0000000701d00000, 0x0000000701d00000|100%|HC|  |TAMS 0x0000000701d00000, 0x0000000701c00000| Complete 
|  29|0x0000000701d00000, 0x0000000701e00000, 0x0000000701e00000|100%|HC|  |TAMS 0x0000000701e00000, 0x0000000701d00000| Complete 
|  30|0x0000000701e00000, 0x0000000701f00000, 0x0000000701f00000|100%|HC|  |TAMS 0x0000000701f00000, 0x0000000701e00000| Complete 
|  31|0x0000000701f00000, 0x0000000702000000, 0x0000000702000000|100%|HC|  |TAMS 0x0000000702000000, 0x0000000701f00000| Complete 
|  32|0x0000000702000000, 0x0000000702100000, 0x0000000702100000|100%|HC|  |TAMS 0x0000000702100000, 0x0000000702000000| Complete 
|  33|0x0000000702100000, 0x0000000702200000, 0x0000000702200000|100%| O|  |TAMS 0x0000000702200000, 0x0000000702100000| Updating 
|  34|0x0000000702200000, 0x0000000702300000, 0x0000000702300000|100%| O|  |TAMS 0x0000000702300000, 0x0000000702200000| Updating 
|  35|0x0000000702300000, 0x0000000702400000, 0x0000000702400000|100%| O|  |TAMS 0x0000000702400000, 0x0000000702300000| Updating 
|  36|0x0000000702400000, 0x0000000702500000, 0x0000000702500000|100%| O|  |TAMS 0x0000000702500000, 0x0000000702400000| Updating 
|  37|0x0000000702500000, 0x0000000702600000, 0x0000000702600000|100%| O|  |TAMS 0x0000000702600000, 0x0000000702500000| Updating 
|  38|0x0000000702600000, 0x0000000702700000, 0x0000000702700000|100%| O|  |TAMS 0x0000000702700000, 0x0000000702600000| Updating 
|  39|0x0000000702700000, 0x0000000702800000, 0x0000000702800000|100%| O|  |TAMS 0x0000000702800000, 0x0000000702700000| Updating 
|  40|0x0000000702800000, 0x0000000702900000, 0x0000000702900000|100%| O|  |TAMS 0x0000000702900000, 0x0000000702800000| Updating 
|  41|0x0000000702900000, 0x0000000702a00000, 0x0000000702a00000|100%| O|  |TAMS 0x0000000702a00000, 0x0000000702900000| Updating 
|  42|0x0000000702a00000, 0x0000000702b00000, 0x0000000702b00000|100%| O|  |TAMS 0x0000000702b00000, 0x0000000702a00000| Updating 
|  43|0x0000000702b00000, 0x0000000702c00000, 0x0000000702c00000|100%| O|  |TAMS 0x0000000702c00000, 0x0000000702b00000| Updating 
|  44|0x0000000702c00000, 0x0000000702d00000, 0x0000000702d00000|100%| O|  |TAMS 0x0000000702d00000, 0x0000000702c00000| Updating 
|  45|0x0000000702d00000, 0x0000000702e00000, 0x0000000702e00000|100%| O|  |TAMS 0x0000000702e00000, 0x0000000702d00000| Updating 
|  46|0x0000000702e00000, 0x0000000702f00000, 0x0000000702f00000|100%| O|  |TAMS 0x0000000702e00000, 0x0000000702e00000| Untracked 
|  47|0x0000000702f00000, 0x0000000703000000, 0x0000000703000000|100%| O|  |TAMS 0x0000000702f00000, 0x0000000702f00000| Untracked 
|  48|0x0000000703000000, 0x0000000703100000, 0x0000000703100000|100%| O|  |TAMS 0x0000000703000000, 0x0000000703000000| Untracked 
|  49|0x0000000703100000, 0x0000000703200000, 0x0000000703200000|100%| O|  |TAMS 0x0000000703100000, 0x0000000703100000| Untracked 
|  50|0x0000000703200000, 0x0000000703300000, 0x0000000703300000|100%| O|  |TAMS 0x0000000703300000, 0x0000000703200000| Updating 
|  51|0x0000000703300000, 0x0000000703400000, 0x0000000703400000|100%| O|  |TAMS 0x0000000703400000, 0x0000000703300000| Updating 
|  52|0x0000000703400000, 0x0000000703500000, 0x0000000703500000|100%| O|  |TAMS 0x0000000703500000, 0x0000000703400000| Updating 
|  53|0x0000000703500000, 0x0000000703600000, 0x0000000703600000|100%| O|  |TAMS 0x0000000703600000, 0x0000000703500000| Updating 
|  54|0x0000000703600000, 0x0000000703700000, 0x0000000703700000|100%| O|  |TAMS 0x0000000703700000, 0x0000000703600000| Updating 
|  55|0x0000000703700000, 0x0000000703800000, 0x0000000703800000|100%| O|  |TAMS 0x0000000703800000, 0x0000000703700000| Updating 
|  56|0x0000000703800000, 0x0000000703900000, 0x0000000703900000|100%| O|  |TAMS 0x0000000703900000, 0x0000000703800000| Updating 
|  57|0x0000000703900000, 0x0000000703a00000, 0x0000000703a00000|100%| O|  |TAMS 0x0000000703a00000, 0x0000000703900000| Updating 
|  58|0x0000000703a00000, 0x0000000703b00000, 0x0000000703b00000|100%| O|  |TAMS 0x0000000703b00000, 0x0000000703a00000| Updating 
|  59|0x0000000703b00000, 0x0000000703c00000, 0x0000000703c00000|100%| O|  |TAMS 0x0000000703c00000, 0x0000000703b00000| Updating 
|  60|0x0000000703c00000, 0x0000000703d00000, 0x0000000703d00000|100%| O|  |TAMS 0x0000000703d00000, 0x0000000703c00000| Updating 
|  61|0x0000000703d00000, 0x0000000703e00000, 0x0000000703e00000|100%| O|  |TAMS 0x0000000703d00000, 0x0000000703d00000| Untracked 
|  62|0x0000000703e00000, 0x0000000703f00000, 0x0000000703f00000|100%|HS|  |TAMS 0x0000000703f00000, 0x0000000703e00000| Complete 
|  63|0x0000000703f00000, 0x0000000704000000, 0x0000000704000000|100%|HC|  |TAMS 0x0000000704000000, 0x0000000703f00000| Complete 
|  64|0x0000000704000000, 0x0000000704100000, 0x0000000704100000|100%|HC|  |TAMS 0x0000000704100000, 0x0000000704000000| Complete 
|  65|0x0000000704100000, 0x0000000704200000, 0x0000000704200000|100%|HS|  |TAMS 0x0000000704200000, 0x0000000704100000| Complete 
|  66|0x0000000704200000, 0x0000000704300000, 0x0000000704300000|100%|HC|  |TAMS 0x0000000704300000, 0x0000000704200000| Complete 
|  67|0x0000000704300000, 0x0000000704400000, 0x0000000704400000|100%|HC|  |TAMS 0x0000000704400000, 0x0000000704300000| Complete 
|  68|0x0000000704400000, 0x0000000704500000, 0x0000000704500000|100%| O|  |TAMS 0x0000000704500000, 0x0000000704400000| Updating 
|  69|0x0000000704500000, 0x0000000704600000, 0x0000000704600000|100%| O|  |TAMS 0x0000000704600000, 0x0000000704500000| Updating 
|  70|0x0000000704600000, 0x0000000704700000, 0x0000000704700000|100%| O|  |TAMS 0x0000000704700000, 0x0000000704600000| Updating 
|  71|0x0000000704700000, 0x0000000704800000, 0x0000000704800000|100%| O|  |TAMS 0x0000000704800000, 0x0000000704700000| Updating 
|  72|0x0000000704800000, 0x0000000704900000, 0x0000000704900000|100%| O|  |TAMS 0x0000000704900000, 0x0000000704800000| Updating 
|  73|0x0000000704900000, 0x0000000704a00000, 0x0000000704a00000|100%| O|  |TAMS 0x0000000704a00000, 0x0000000704900000| Updating 
|  74|0x0000000704a00000, 0x0000000704b00000, 0x0000000704b00000|100%| O|  |TAMS 0x0000000704b00000, 0x0000000704a00000| Updating 
|  75|0x0000000704b00000, 0x0000000704c00000, 0x0000000704c00000|100%| O|  |TAMS 0x0000000704c00000, 0x0000000704b00000| Updating 
|  76|0x0000000704c00000, 0x0000000704d00000, 0x0000000704d00000|100%| O|  |TAMS 0x0000000704d00000, 0x0000000704c00000| Updating 
|  77|0x0000000704d00000, 0x0000000704e00000, 0x0000000704e00000|100%| O|  |TAMS 0x0000000704e00000, 0x0000000704d00000| Updating 
|  78|0x0000000704e00000, 0x0000000704f00000, 0x0000000704f00000|100%| O|  |TAMS 0x0000000704f00000, 0x0000000704e00000| Updating 
|  79|0x0000000704f00000, 0x0000000705000000, 0x0000000705000000|100%| O|  |TAMS 0x0000000705000000, 0x0000000704f00000| Updating 
|  80|0x0000000705000000, 0x0000000705100000, 0x0000000705100000|100%| O|  |TAMS 0x0000000705100000, 0x0000000705000000| Updating 
|  81|0x0000000705100000, 0x0000000705200000, 0x0000000705200000|100%| O|  |TAMS 0x0000000705200000, 0x0000000705100000| Updating 
|  82|0x0000000705200000, 0x0000000705300000, 0x0000000705300000|100%| O|  |TAMS 0x0000000705300000, 0x0000000705200000| Updating 
|  83|0x0000000705300000, 0x0000000705400000, 0x0000000705400000|100%| O|  |TAMS 0x0000000705400000, 0x0000000705300000| Updating 
|  84|0x0000000705400000, 0x0000000705500000, 0x0000000705500000|100%| O|  |TAMS 0x000000070544f000, 0x0000000705400000| Updating 
|  85|0x0000000705500000, 0x0000000705600000, 0x0000000705600000|100%|HS|  |TAMS 0x0000000705500000, 0x0000000705500000| Complete 
|  86|0x0000000705600000, 0x0000000705700000, 0x0000000705700000|100%|HC|  |TAMS 0x0000000705600000, 0x0000000705600000| Complete 
|  87|0x0000000705700000, 0x0000000705800000, 0x0000000705800000|100%|HS|  |TAMS 0x0000000705700000, 0x0000000705700000| Complete 
|  88|0x0000000705800000, 0x0000000705900000, 0x0000000705900000|100%|HC|  |TAMS 0x0000000705800000, 0x0000000705800000| Complete 
|  89|0x0000000705900000, 0x0000000705a00000, 0x0000000705a00000|100%|HC|  |TAMS 0x0000000705900000, 0x0000000705900000| Complete 
|  90|0x0000000705a00000, 0x0000000705b00000, 0x0000000705b00000|100%|HC|  |TAMS 0x0000000705a00000, 0x0000000705a00000| Complete 
|  91|0x0000000705b00000, 0x0000000705c00000, 0x0000000705c00000|100%|HC|  |TAMS 0x0000000705b00000, 0x0000000705b00000| Complete 
|  92|0x0000000705c00000, 0x0000000705d00000, 0x0000000705d00000|100%|HC|  |TAMS 0x0000000705c00000, 0x0000000705c00000| Complete 
|  93|0x0000000705d00000, 0x0000000705e00000, 0x0000000705e00000|100%|HS|  |TAMS 0x0000000705d00000, 0x0000000705d00000| Complete 
|  94|0x0000000705e00000, 0x0000000705f00000, 0x0000000705f00000|100%|HC|  |TAMS 0x0000000705e00000, 0x0000000705e00000| Complete 
|  95|0x0000000705f00000, 0x0000000706000000, 0x0000000706000000|100%|HC|  |TAMS 0x0000000705f00000, 0x0000000705f00000| Complete 
|  96|0x0000000706000000, 0x0000000706100000, 0x0000000706100000|100%|HC|  |TAMS 0x0000000706000000, 0x0000000706000000| Complete 
|  97|0x0000000706100000, 0x0000000706200000, 0x0000000706200000|100%|HC|  |TAMS 0x0000000706100000, 0x0000000706100000| Complete 
|  98|0x0000000706200000, 0x0000000706300000, 0x0000000706300000|100%|HC|  |TAMS 0x0000000706200000, 0x0000000706200000| Complete 
|  99|0x0000000706300000, 0x0000000706400000, 0x0000000706400000|100%| O|  |TAMS 0x0000000706300000, 0x0000000706300000| Untracked 
| 100|0x0000000706400000, 0x0000000706500000, 0x0000000706500000|100%| O|  |TAMS 0x0000000706400000, 0x0000000706400000| Untracked 
| 101|0x0000000706500000, 0x0000000706600000, 0x0000000706600000|100%| O|  |TAMS 0x0000000706500000, 0x0000000706500000| Untracked 
| 102|0x0000000706600000, 0x0000000706700000, 0x0000000706700000|100%| O|  |TAMS 0x0000000706600000, 0x0000000706600000| Untracked 
| 103|0x0000000706700000, 0x0000000706800000, 0x0000000706800000|100%| O|  |TAMS 0x0000000706700000, 0x0000000706700000| Untracked 
| 104|0x0000000706800000, 0x0000000706900000, 0x0000000706900000|100%| O|  |TAMS 0x0000000706800000, 0x0000000706800000| Untracked 
| 105|0x0000000706900000, 0x0000000706a00000, 0x0000000706a00000|100%| O|  |TAMS 0x0000000706900000, 0x0000000706900000| Untracked 
| 106|0x0000000706a00000, 0x0000000706a00000, 0x0000000706b00000|  0%| F|  |TAMS 0x0000000706a00000, 0x0000000706a00000| Untracked 
| 107|0x0000000706b00000, 0x0000000706b00000, 0x0000000706c00000|  0%| F|  |TAMS 0x0000000706b00000, 0x0000000706b00000| Untracked 
| 108|0x0000000706c00000, 0x0000000706c00000, 0x0000000706d00000|  0%| F|  |TAMS 0x0000000706c00000, 0x0000000706c00000| Untracked 
| 109|0x0000000706d00000, 0x0000000706d00000, 0x0000000706e00000|  0%| F|  |TAMS 0x0000000706d00000, 0x0000000706d00000| Untracked 
| 110|0x0000000706e00000, 0x0000000706e00000, 0x0000000706f00000|  0%| F|  |TAMS 0x0000000706e00000, 0x0000000706e00000| Untracked 
| 111|0x0000000706f00000, 0x0000000706f00000, 0x0000000707000000|  0%| F|  |TAMS 0x0000000706f00000, 0x0000000706f00000| Untracked 
| 112|0x0000000707000000, 0x0000000707000000, 0x0000000707100000|  0%| F|  |TAMS 0x0000000707000000, 0x0000000707000000| Untracked 
| 113|0x0000000707100000, 0x0000000707100000, 0x0000000707200000|  0%| F|  |TAMS 0x0000000707100000, 0x0000000707100000| Untracked 
| 114|0x0000000707200000, 0x0000000707200000, 0x0000000707300000|  0%| F|  |TAMS 0x0000000707200000, 0x0000000707200000| Untracked 
| 115|0x0000000707300000, 0x0000000707300000, 0x0000000707400000|  0%| F|  |TAMS 0x0000000707300000, 0x0000000707300000| Untracked 
| 116|0x0000000707400000, 0x0000000707400000, 0x0000000707500000|  0%| F|  |TAMS 0x0000000707400000, 0x0000000707400000| Untracked 
| 117|0x0000000707500000, 0x0000000707500000, 0x0000000707600000|  0%| F|  |TAMS 0x0000000707500000, 0x0000000707500000| Untracked 
| 118|0x0000000707600000, 0x0000000707600000, 0x0000000707700000|  0%| F|  |TAMS 0x0000000707600000, 0x0000000707600000| Untracked 
| 119|0x0000000707700000, 0x0000000707700000, 0x0000000707800000|  0%| F|  |TAMS 0x0000000707700000, 0x0000000707700000| Untracked 
| 120|0x0000000707800000, 0x0000000707800000, 0x0000000707900000|  0%| F|  |TAMS 0x0000000707800000, 0x0000000707800000| Untracked 
| 121|0x0000000707900000, 0x0000000707900000, 0x0000000707a00000|  0%| F|  |TAMS 0x0000000707900000, 0x0000000707900000| Untracked 
| 122|0x0000000707a00000, 0x0000000707a00000, 0x0000000707b00000|  0%| F|  |TAMS 0x0000000707a00000, 0x0000000707a00000| Untracked 
| 123|0x0000000707b00000, 0x0000000707b00000, 0x0000000707c00000|  0%| F|  |TAMS 0x0000000707b00000, 0x0000000707b00000| Untracked 
| 124|0x0000000707c00000, 0x0000000707c00000, 0x0000000707d00000|  0%| F|  |TAMS 0x0000000707c00000, 0x0000000707c00000| Untracked 
| 125|0x0000000707d00000, 0x0000000707d00000, 0x0000000707e00000|  0%| F|  |TAMS 0x0000000707d00000, 0x0000000707d00000| Untracked 
| 126|0x0000000707e00000, 0x0000000707e00000, 0x0000000707f00000|  0%| F|  |TAMS 0x0000000707e00000, 0x0000000707e00000| Untracked 
| 127|0x0000000707f00000, 0x0000000707f00000, 0x0000000708000000|  0%| F|  |TAMS 0x0000000707f00000, 0x0000000707f00000| Untracked 
| 128|0x0000000708000000, 0x0000000708000000, 0x0000000708100000|  0%| F|  |TAMS 0x0000000708000000, 0x0000000708000000| Untracked 
| 129|0x0000000708100000, 0x0000000708100000, 0x0000000708200000|  0%| F|  |TAMS 0x0000000708100000, 0x0000000708100000| Untracked 
| 130|0x0000000708200000, 0x0000000708300000, 0x0000000708300000|100%| S|CS|TAMS 0x0000000708200000, 0x0000000708200000| Complete 
| 131|0x0000000708300000, 0x0000000708400000, 0x0000000708400000|100%| S|CS|TAMS 0x0000000708300000, 0x0000000708300000| Complete 
| 132|0x0000000708400000, 0x0000000708400000, 0x0000000708500000|  0%| F|  |TAMS 0x0000000708400000, 0x0000000708400000| Untracked 
| 133|0x0000000708500000, 0x0000000708500000, 0x0000000708600000|  0%| F|  |TAMS 0x0000000708500000, 0x0000000708500000| Untracked 
| 134|0x0000000708600000, 0x0000000708600000, 0x0000000708700000|  0%| F|  |TAMS 0x0000000708600000, 0x0000000708600000| Untracked 
| 135|0x0000000708700000, 0x0000000708700000, 0x0000000708800000|  0%| F|  |TAMS 0x0000000708700000, 0x0000000708700000| Untracked 
| 136|0x0000000708800000, 0x0000000708800000, 0x0000000708900000|  0%| F|  |TAMS 0x0000000708800000, 0x0000000708800000| Untracked 
| 137|0x0000000708900000, 0x0000000708900000, 0x0000000708a00000|  0%| F|  |TAMS 0x0000000708900000, 0x0000000708900000| Untracked 
| 138|0x0000000708a00000, 0x0000000708a00000, 0x0000000708b00000|  0%| F|  |TAMS 0x0000000708a00000, 0x0000000708a00000| Untracked 
| 139|0x0000000708b00000, 0x0000000708b00000, 0x0000000708c00000|  0%| F|  |TAMS 0x0000000708b00000, 0x0000000708b00000| Untracked 
| 140|0x0000000708c00000, 0x0000000708c00000, 0x0000000708d00000|  0%| F|  |TAMS 0x0000000708c00000, 0x0000000708c00000| Untracked 
| 141|0x0000000708d00000, 0x0000000708d00000, 0x0000000708e00000|  0%| F|  |TAMS 0x0000000708d00000, 0x0000000708d00000| Untracked 
| 142|0x0000000708e00000, 0x0000000708e00000, 0x0000000708f00000|  0%| F|  |TAMS 0x0000000708e00000, 0x0000000708e00000| Untracked 

Card table byte_map: [0x00000235e5870000,0x00000235e6070000] _byte_map_base: 0x00000235e2070000

Marking Bits (Prev, Next): (CMBitMap*) 0x00000235cbb49198, (CMBitMap*) 0x00000235cbb491d0
 Prev Bits: [0x00000235e6870000, 0x00000235ea870000)
 Next Bits: [0x00000235ea870000, 0x00000235ee870000)

Polling page: 0x00000235cd370000

Metaspace:

Usage:
  Non-class:     12.14 MB capacity,    11.91 MB ( 98%) used,   213.85 KB (  2%) free+waste,    24.50 KB ( <1%) overhead. 
      Class:      1.38 MB capacity,     1.29 MB ( 93%) used,    85.34 KB (  6%) free+waste,    11.63 KB ( <1%) overhead. 
       Both:     13.52 MB capacity,    13.20 MB ( 98%) used,   299.20 KB (  2%) free+waste,    36.13 KB ( <1%) overhead. 

Virtual space:
  Non-class space:       14.00 MB reserved,      12.25 MB ( 88%) committed 
      Class space:        1.00 GB reserved,       1.50 MB ( <1%) committed 
             Both:        1.01 GB reserved,      13.75 MB (  1%) committed 

Chunk freelists:
   Non-Class:  6.13 KB
       Class:  0 bytes
        Both:  6.13 KB

CodeHeap 'non-profiled nmethods': size=120000Kb used=460Kb max_used=460Kb free=119539Kb
 bounds [0x00000235dd0b0000, 0x00000235dd320000, 0x00000235e45e0000]
CodeHeap 'profiled nmethods': size=120000Kb used=1837Kb max_used=1837Kb free=118162Kb
 bounds [0x00000235d5b80000, 0x00000235d5df0000, 0x00000235dd0b0000]
CodeHeap 'non-nmethods': size=5760Kb used=1106Kb max_used=1133Kb free=4653Kb
 bounds [0x00000235d55e0000, 0x00000235d5850000, 0x00000235d5b80000]
 total_blobs=1757 nmethods=1056 adapters=322
 compilation: enabled
              stopped_count=0, restarted_count=0
 full_count=0

Compilation events (10 events):
Event: 1.711 Thread 0x00000235f1c80000 nmethod 1058 0x00000235d5d4ab10 code [0x00000235d5d4ad00, 0x00000235d5d4b2b0]
Event: 1.711 Thread 0x00000235f1c7c000 nmethod 1057 0x00000235dd120310 code [0x00000235dd1204a0, 0x00000235dd1206d8]
Event: 1.711 Thread 0x00000235f3274800 nmethod 1059 0x00000235dd120790 code [0x00000235dd120920, 0x00000235dd120998]
Event: 1.733 Thread 0x00000235f336e800 nmethod 1056 0x00000235dd120a10 code [0x00000235dd120c20, 0x00000235dd121db0]
Event: 1.863 Thread 0x00000235f1c7c000 1060   !   4       java.util.zip.Inflater::setInput (69 bytes)
Event: 1.867 Thread 0x00000235f1c7c000 nmethod 1060 0x00000235dd122510 code [0x00000235dd1226c0, 0x00000235dd122ad8]
Event: 2.049 Thread 0x00000235f3274800 1061       4       java.io.BufferedInputStream::fill (236 bytes)
Event: 2.049 Thread 0x00000235f1c7c000 1062       4       java.util.zip.CRC32::update (51 bytes)
Event: 2.051 Thread 0x00000235f1c7c000 nmethod 1062 0x00000235dd122c90 code [0x00000235dd122e20, 0x00000235dd122fd8]
Event: 2.051 Thread 0x00000235f1c7c000 1063       4       java.util.zip.GZIPInputStream::read (65 bytes)

GC Heap History (10 events):
Event: 1.732 GC heap after
{Heap after GC invocations=5 (full 0):
 garbage-first heap   total 114688K, used 64881K [0x0000000700000000, 0x0000000800000000)
  region size 1024K, 3 young (3072K), 3 survivors (3072K)
 Metaspace       used 13513K, capacity 13849K, committed 14080K, reserved 1062912K
  class space    used 1321K, capacity 1418K, committed 1536K, reserved 1048576K
}
Event: 1.780 GC heap before
{Heap before GC invocations=5 (full 0):
 garbage-first heap   total 114688K, used 88433K [0x0000000700000000, 0x0000000800000000)
  region size 1024K, 21 young (21504K), 3 survivors (3072K)
 Metaspace       used 13513K, capacity 13849K, committed 14080K, reserved 1062912K
  class space    used 1321K, capacity 1418K, committed 1536K, reserved 1048576K
}
Event: 1.795 GC heap after
{Heap after GC invocations=6 (full 0):
 garbage-first heap   total 146432K, used 76142K [0x0000000700000000, 0x0000000800000000)
  region size 1024K, 3 young (3072K), 3 survivors (3072K)
 Metaspace       used 13513K, capacity 13849K, committed 14080K, reserved 1062912K
  class space    used 1321K, capacity 1418K, committed 1536K, reserved 1048576K
}
Event: 1.867 GC heap before
{Heap before GC invocations=7 (full 0):
 garbage-first heap   total 146432K, used 100718K [0x0000000700000000, 0x0000000800000000)
  region size 1024K, 27 young (27648K), 3 survivors (3072K)
 Metaspace       used 13513K, capacity 13849K, committed 14080K, reserved 1062912K
  class space    used 1321K, capacity 1418K, committed 1536K, reserved 1048576K
}
Event: 1.884 GC heap after
{Heap after GC invocations=8 (full 0):
 garbage-first heap   total 146432K, used 84242K [0x0000000700000000, 0x0000000800000000)
  region size 1024K, 4 young (4096K), 4 survivors (4096K)
 Metaspace       used 13513K, capacity 13849K, committed 14080K, reserved 1062912K
  class space    used 1321K, capacity 1418K, committed 1536K, reserved 1048576K
}
Event: 1.923 GC heap before
{Heap before GC invocations=8 (full 0):
 garbage-first heap   total 146432K, used 102674K [0x0000000700000000, 0x0000000800000000)
  region size 1024K, 23 young (23552K), 4 survivors (4096K)
 Metaspace       used 13513K, capacity 13849K, committed 14080K, reserved 1062912K
  class space    used 1321K, capacity 1418K, committed 1536K, reserved 1048576K
}
Event: 1.938 GC heap after
{Heap after GC invocations=9 (full 0):
 garbage-first heap   total 146432K, used 90428K [0x0000000700000000, 0x0000000800000000)
  region size 1024K, 4 young (4096K), 4 survivors (4096K)
 Metaspace       used 13513K, capacity 13849K, committed 14080K, reserved 1062912K
  class space    used 1321K, capacity 1418K, committed 1536K, reserved 1048576K
}
Event: 2.007 GC heap before
{Heap before GC invocations=9 (full 0):
 garbage-first heap   total 146432K, used 125244K [0x0000000700000000, 0x0000000800000000)
  region size 1024K, 24 young (24576K), 4 survivors (4096K)
 Metaspace       used 13513K, capacity 13849K, committed 14080K, reserved 1062912K
  class space    used 1321K, capacity 1418K, committed 1536K, reserved 1048576K
}
Event: 2.024 GC heap after
{Heap after GC invocations=10 (full 0):
 garbage-first heap   total 146432K, used 110592K [0x0000000700000000, 0x0000000800000000)
  region size 1024K, 3 young (3072K), 3 survivors (3072K)
 Metaspace       used 13513K, capacity 13849K, committed 14080K, reserved 1062912K
  class space    used 1321K, capacity 1418K, committed 1536K, reserved 1048576K
}
Event: 2.052 GC heap before
{Heap before GC invocations=10 (full 0):
 garbage-first heap   total 146432K, used 117760K [0x0000000700000000, 0x0000000800000000)
  region size 1024K, 14 young (14336K), 3 survivors (3072K)
 Metaspace       used 13513K, capacity 13849K, committed 14080K, reserved 1062912K
  class space    used 1321K, capacity 1418K, committed 1536K, reserved 1048576K
}

Deoptimization events (10 events):
Event: 1.300 Thread 0x00000235f22ca000 Uncommon trap: reason=unstable_if action=reinterpret pc=0x00000235dd0b6620 method=java.lang.String.charAt(I)C @ 4 c2
Event: 1.301 Thread 0x00000235f22ca000 Uncommon trap: reason=unstable_if action=reinterpret pc=0x00000235dd0c55f4 method=java.lang.StringLatin1.canEncode(I)Z @ 4 c2
Event: 1.301 Thread 0x00000235f22ca000 Uncommon trap: reason=unstable_if action=reinterpret pc=0x00000235dd0c5f48 method=java.lang.AbstractStringBuilder.isLatin1()Z @ 10 c2
Event: 1.447 Thread 0x00000235f22ca000 Uncommon trap: reason=unstable_if action=reinterpret pc=0x00000235dd0d6b04 method=java.lang.String.hashCode()I @ 22 c2
Event: 1.447 Thread 0x00000235f22ca000 Uncommon trap: reason=unstable_if action=reinterpret pc=0x00000235dd0d0758 method=java.lang.String.equals(Ljava/lang/Object;)Z @ 34 c2
Event: 1.450 Thread 0x00000235f22ca000 Uncommon trap: reason=unstable_if action=reinterpret pc=0x00000235dd0f73e0 method=java.io.BufferedInputStream.read()I @ 8 c2
Event: 1.702 Thread 0x00000235f22ca000 Uncommon trap: reason=speculate_class_check action=maybe_recompile pc=0x00000235dd11fa5c method=java.util.zip.InflaterInputStream.read([BII)I @ 100 c2
Event: 1.702 Thread 0x00000235f22ca000 Uncommon trap: reason=speculate_class_check action=maybe_recompile pc=0x00000235dd11fa5c method=java.util.zip.InflaterInputStream.read([BII)I @ 100 c2
Event: 1.702 Thread 0x00000235f22ca000 Uncommon trap: reason=speculate_class_check action=maybe_recompile pc=0x00000235dd11fa5c method=java.util.zip.InflaterInputStream.read([BII)I @ 100 c2
Event: 1.703 Thread 0x00000235f22ca000 Uncommon trap: reason=speculate_class_check action=maybe_recompile pc=0x00000235dd11fa5c method=java.util.zip.InflaterInputStream.read([BII)I @ 100 c2

Classes redefined (0 events):
No events

Internal exceptions (10 events):
Event: 0.261 Thread 0x00000235cbae7000 Exception <a 'java/lang/NoSuchMethodError'{0x0000000706a0f120}: java.lang.invoke.DirectMethodHandle$Holder.invokeStaticInit(Ljava/lang/Object;Ljava/lang/Object;Ljava/lang/Object;)V> (0x0000000706a0f120) thrown at [t:/workspace/open/src/hotspot/share/inter
Event: 0.431 Thread 0x00000235cbae7000 Exception <a 'java/lang/NoSuchMethodError'{0x0000000706876178}: java.lang.invoke.DirectMethodHandle$Holder.invokeStaticInit(Ljava/lang/Object;IIII)Ljava/lang/Object;> (0x0000000706876178) thrown at [t:/workspace/open/src/hotspot/share/interpreter/linkReso
Event: 1.076 Thread 0x00000235cbae7000 Exception <a 'java/lang/NoSuchMethodError'{0x00000007068d19e8}: java.lang.invoke.DirectMethodHandle$Holder.invokeStaticInit(Ljava/lang/Object;Ljava/lang/Object;IIII)Ljava/lang/Object;> (0x00000007068d19e8) thrown at [t:/workspace/open/src/hotspot/share/in
Event: 1.115 Thread 0x00000235cbae7000 Exception <a 'java/lang/NoSuchMethodError'{0x0000000706753160}: java.lang.invoke.DirectMethodHandle$Holder.invokeStatic(Ljava/lang/Object;Ljava/lang/Object;Ljava/lang/Object;Ljava/lang/Object;Ljava/lang/Object;Ljava/lang/Object;Ljava/lang/Object;Ljava/lan
Event: 1.118 Thread 0x00000235cbae7000 Exception <a 'java/lang/NoSuchMethodError'{0x0000000706761070}: java.lang.invoke.DirectMethodHandle$Holder.invokeStatic(Ljava/lang/Object;Ljava/lang/Object;Ljava/lang/Object;Ljava/lang/Object;Ljava/lang/Object;Ljava/lang/Object;Ljava/lang/Object;Ljava/lan
Event: 1.189 Thread 0x00000235f22ca000 Exception <a 'java/lang/NoSuchMethodError'{0x000000070646e438}: java.lang.invoke.DirectMethodHandle$Holder.invokeVirtual(Ljava/lang/Object;Ljava/lang/Object;Ljava/lang/Object;Ljava/lang/Object;)Ljava/lang/Object;> (0x000000070646e438) thrown at [t:/worksp
Event: 1.267 Thread 0x00000235f22ca000 Exception <a 'java/lang/NoSuchMethodError'{0x00000007061a6fa8}: java.lang.invoke.DirectMethodHandle$Holder.invokeStaticInit(Ljava/lang/Object;Ljava/lang/Object;)I> (0x00000007061a6fa8) thrown at [t:/workspace/open/src/hotspot/share/interpreter/linkResolve
Event: 1.330 Thread 0x00000235f22ca000 Exception <a 'java/lang/NoSuchMethodError'{0x0000000705feec98}: java.lang.invoke.DirectMethodHandle$Holder.invokeInterface(Ljava/lang/Object;Ljava/lang/Object;)V> (0x0000000705feec98) thrown at [t:/workspace/open/src/hotspot/share/interpreter/linkResolver
Event: 1.330 Thread 0x00000235f22ca000 Exception <a 'java/lang/IncompatibleClassChangeError'{0x0000000705ff1ba0}: Found class java.lang.Object, but interface was expected> (0x0000000705ff1ba0) thrown at [t:/workspace/open/src/hotspot/share/interpreter/linkResolver.cpp, line 856]
Event: 1.353 Thread 0x00000235f22ca000 Exception <a 'java/lang/NoSuchMethodError'{0x0000000705ef3dc0}: java.lang.invoke.DirectMethodHandle$Holder.invokeSpecialIFC(Ljava/lang/Object;Ljava/lang/Object;I)I> (0x0000000705ef3dc0) thrown at [t:/workspace/open/src/hotspot/share/interpreter/linkResolv

Events (10 events):
Event: 1.864 Thread 0x00000235f336e800 Thread exited: 0x00000235f336e800
Event: 1.867 Executing VM operation: G1CollectForAllocation
Event: 1.884 Executing VM operation: G1CollectForAllocation done
Event: 1.922 Executing VM operation: G1CollectForAllocation
Event: 1.938 Executing VM operation: G1CollectForAllocation done
Event: 2.007 Executing VM operation: G1CollectForAllocation
Event: 2.024 Executing VM operation: G1CollectForAllocation done
Event: 2.024 Executing VM operation: CGC_Operation
Event: 2.025 Executing VM operation: CGC_Operation done
Event: 2.052 Executing VM operation: G1CollectForAllocation


Dynamic libraries:
0x00007ff7f11d0000 - 0x00007ff7f1217000 	C:\ApplicationsOnPatrick\JavaDev\jdk11\bin\java.exe
0x00007ffff3600000 - 0x00007ffff37e1000 	C:\WINDOWS\SYSTEM32\ntdll.dll
0x00007ffff3020000 - 0x00007ffff30d2000 	C:\WINDOWS\System32\KERNEL32.DLL
0x00007ffff0010000 - 0x00007ffff0283000 	C:\WINDOWS\System32\KERNELBASE.dll
0x00007ffff2c90000 - 0x00007ffff2d31000 	C:\WINDOWS\System32\ADVAPI32.dll
0x00007ffff2f80000 - 0x00007ffff301e000 	C:\WINDOWS\System32\msvcrt.dll
0x00007ffff2e50000 - 0x00007ffff2eab000 	C:\WINDOWS\System32\sechost.dll
0x00007ffff2b60000 - 0x00007ffff2c84000 	C:\WINDOWS\System32\RPCRT4.dll
0x00007ffff0a90000 - 0x00007ffff0c20000 	C:\WINDOWS\System32\USER32.dll
0x00007fffefff0000 - 0x00007ffff0010000 	C:\WINDOWS\System32\win32u.dll
0x00007ffff2430000 - 0x00007ffff2458000 	C:\WINDOWS\System32\GDI32.dll
0x00007fffefb50000 - 0x00007fffefce2000 	C:\WINDOWS\System32\gdi32full.dll
0x00007ffff09f0000 - 0x00007ffff0a8f000 	C:\WINDOWS\System32\msvcp_win.dll
0x00007fffefa50000 - 0x00007fffefb4a000 	C:\WINDOWS\System32\ucrtbase.dll
0x00007fffda330000 - 0x00007fffda599000 	C:\WINDOWS\WinSxS\amd64_microsoft.windows.common-controls_6595b64144ccf1df_6.0.17134.407_none_fb449d63306391e9\COMCTL32.dll
0x00007ffff2690000 - 0x00007ffff29b2000 	C:\WINDOWS\System32\combase.dll
0x00007fffeacf0000 - 0x00007fffeacfa000 	C:\WINDOWS\SYSTEM32\VERSION.dll
0x00007fffef9d0000 - 0x00007fffefa4a000 	C:\WINDOWS\System32\bcryptPrimitives.dll
0x00007ffff2350000 - 0x00007ffff237d000 	C:\WINDOWS\System32\IMM32.DLL
0x00007fffc11b0000 - 0x00007fffc11c6000 	C:\ApplicationsOnPatrick\JavaDev\jdk11\bin\vcruntime140.dll
0x00007fffbb7e0000 - 0x00007fffbb88a000 	C:\ApplicationsOnPatrick\JavaDev\jdk11\bin\msvcp140.dll
0x00007fff97e90000 - 0x00007fff989d2000 	C:\ApplicationsOnPatrick\JavaDev\jdk11\bin\server\jvm.dll
0x00007ffff0f00000 - 0x00007ffff0f08000 	C:\WINDOWS\System32\PSAPI.DLL
0x00007fffed4d0000 - 0x00007fffed4f3000 	C:\WINDOWS\SYSTEM32\WINMM.dll
0x00007fffe9700000 - 0x00007fffe9709000 	C:\WINDOWS\SYSTEM32\WSOCK32.dll
0x00007ffff2f10000 - 0x00007ffff2f7c000 	C:\WINDOWS\System32\WS2_32.dll
0x00007fffeced0000 - 0x00007fffecefa000 	C:\WINDOWS\SYSTEM32\winmmbase.dll
0x00007ffff09a0000 - 0x00007ffff09e9000 	C:\WINDOWS\System32\cfgmgr32.dll
0x00007fffef990000 - 0x00007fffef9a1000 	C:\WINDOWS\System32\kernel.appcore.dll
0x00007fffc1190000 - 0x00007fffc11a1000 	C:\ApplicationsOnPatrick\JavaDev\jdk11\bin\verify.dll
0x00007fffd0a20000 - 0x00007fffd0be9000 	C:\WINDOWS\SYSTEM32\DBGHELP.DLL
0x00007fffedb20000 - 0x00007fffedb49000 	C:\WINDOWS\SYSTEM32\dbgcore.DLL
0x00007fffc1160000 - 0x00007fffc1189000 	C:\ApplicationsOnPatrick\JavaDev\jdk11\bin\java.dll
0x00007fffc1040000 - 0x00007fffc1056000 	C:\ApplicationsOnPatrick\JavaDev\jdk11\bin\zip.dll
0x00007fffd9020000 - 0x00007fffd902a000 	C:\ApplicationsOnPatrick\JavaDev\jdk11\bin\jimage.dll
0x00007ffff0f10000 - 0x00007ffff234f000 	C:\WINDOWS\System32\SHELL32.dll
0x00007ffff2380000 - 0x00007ffff2429000 	C:\WINDOWS\System32\shcore.dll
0x00007ffff0290000 - 0x00007ffff099d000 	C:\WINDOWS\System32\windows.storage.dll
0x00007ffff0dc0000 - 0x00007ffff0e11000 	C:\WINDOWS\System32\shlwapi.dll
0x00007fffef9b0000 - 0x00007fffef9cf000 	C:\WINDOWS\System32\profapi.dll
0x00007fffef910000 - 0x00007fffef95c000 	C:\WINDOWS\System32\powrprof.dll
0x00007fffef980000 - 0x00007fffef98a000 	C:\WINDOWS\System32\FLTLIB.DLL
0x00007fffc0eb0000 - 0x00007fffc0ec9000 	C:\ApplicationsOnPatrick\JavaDev\jdk11\bin\net.dll
0x00007fffe9bc0000 - 0x00007fffe9c9c000 	C:\WINDOWS\SYSTEM32\WINHTTP.dll
0x00007fffef110000 - 0x00007fffef176000 	C:\WINDOWS\system32\mswsock.dll
0x00007fffc0e90000 - 0x00007fffc0ea3000 	C:\ApplicationsOnPatrick\JavaDev\jdk11\bin\nio.dll
0x00007fffd5b50000 - 0x00007fffd5b7d000 	C:\Program Files (x86)\Sangfor\SSL\ClientComponent\SangforNspX64.dll
0x00007ffff2530000 - 0x00007ffff2681000 	C:\WINDOWS\System32\ole32.dll
0x00007ffff2460000 - 0x00007ffff2522000 	C:\WINDOWS\System32\OLEAUT32.dll
0x00007fffe3a00000 - 0x00007fffe3a16000 	C:\WINDOWS\system32\napinsp.dll
0x00007fffe33f0000 - 0x00007fffe340a000 	C:\WINDOWS\system32\pnrpnsp.dll
0x00007fffec240000 - 0x00007fffec259000 	C:\WINDOWS\system32\NLAapi.dll
0x00007fffeeed0000 - 0x00007fffeef8e000 	C:\WINDOWS\SYSTEM32\DNSAPI.dll
0x00007ffff0c30000 - 0x00007ffff0c38000 	C:\WINDOWS\System32\NSI.dll
0x00007fffeee90000 - 0x00007fffeeec8000 	C:\WINDOWS\SYSTEM32\IPHLPAPI.DLL
0x00007fffea9d0000 - 0x00007fffea9de000 	C:\WINDOWS\System32\winrnr.dll
0x00007fffe9ba0000 - 0x00007fffe9bb5000 	C:\WINDOWS\System32\wshbth.dll
0x00007fffe4bd0000 - 0x00007fffe4d4a000 	C:\Program Files (x86)\Sangfor\SSL\ClientComponent\SangforTcpX64.dll
0x00007fffeff90000 - 0x00007fffeffe7000 	C:\WINDOWS\System32\WINTRUST.dll
0x00007fffef960000 - 0x00007fffef972000 	C:\WINDOWS\System32\MSASN1.dll
0x00007fffefda0000 - 0x00007fffeff82000 	C:\WINDOWS\System32\CRYPT32.dll
0x00007fffe9830000 - 0x00007fffe983a000 	C:\Windows\System32\rasadhlp.dll
0x00007fffe5780000 - 0x00007fffe57f2000 	C:\WINDOWS\System32\fwpuclnt.dll
0x00007fffef3f0000 - 0x00007fffef415000 	C:\WINDOWS\SYSTEM32\bcrypt.dll
0x00007fffef2c0000 - 0x00007fffef2d7000 	C:\WINDOWS\SYSTEM32\CRYPTSP.dll
0x00007fffeecf0000 - 0x00007fffeed23000 	C:\WINDOWS\system32\rsaenh.dll
0x00007fffef810000 - 0x00007fffef838000 	C:\WINDOWS\SYSTEM32\USERENV.dll
0x00007fffef2e0000 - 0x00007fffef2eb000 	C:\WINDOWS\SYSTEM32\CRYPTBASE.dll
0x00007fffe9a70000 - 0x00007fffe9a86000 	C:\WINDOWS\SYSTEM32\dhcpcsvc6.DLL
0x00007fffe9970000 - 0x00007fffe998a000 	C:\WINDOWS\SYSTEM32\dhcpcsvc.DLL

dbghelp: loaded successfully - version: 4.0.5 - missing functions: none
symbol engine: initialized successfully - sym options: 0x614 - pdb path: .;C:\ApplicationsOnPatrick\JavaDev\jdk11\bin;C:\WINDOWS\SYSTEM32;C:\WINDOWS\WinSxS\amd64_microsoft.windows.common-controls_6595b64144ccf1df_6.0.17134.407_none_fb449d63306391e9;C:\ApplicationsOnPatrick\JavaDev\jdk11\bin\server;C:\Program Files (x86)\Sangfor\SSL\ClientComponent

VM Arguments:
jvm_args: -Xmx4g 
java_command: edu.stanford.nlp.pipeline.StanfordCoreNLPServer -port 9008
java_class_path (initial): ..\stanford-corenlp-full-2018-10-05\ejml-0.23.jar;..\stanford-corenlp-full-2018-10-05\javax.activation-api-1.2.0-sources.jar;..\stanford-corenlp-full-2018-10-05\javax.activation-api-1.2.0.jar;..\stanford-corenlp-full-2018-10-05\javax.json-api-1.0-sources.jar;..\stanford-corenlp-full-2018-10-05\javax.json.jar;..\stanford-corenlp-full-2018-10-05\jaxb-api-2.4.0-b180830.0359-sources.jar;..\stanford-corenlp-full-2018-10-05\jaxb-api-2.4.0-b180830.0359.jar;..\stanford-corenlp-full-2018-10-05\jaxb-core-2.3.0.1-sources.jar;..\stanford-corenlp-full-2018-10-05\jaxb-core-2.3.0.1.jar;..\stanford-corenlp-full-2018-10-05\jaxb-impl-2.4.0-b180830.0438-sources.jar;..\stanford-corenlp-full-2018-10-05\jaxb-impl-2.4.0-b180830.0438.jar;..\stanford-corenlp-full-2018-10-05\joda-time-2.9-sources.jar;..\stanford-corenlp-full-2018-10-05\joda-time.jar;..\stanford-corenlp-full-2018-10-05\jollyday-0.4.9-sources.jar;..\stanford-corenlp-full-2018-10-05\jollyday.jar;..\stanford-corenlp-full-2018-10-05\protobuf.jar;..\stanford-corenlp-full-2018-10-05\slf4j-api.jar;..\stanford-corenlp-full-2018-10-05\slf4j-simple.jar;..\stanford-corenlp-full-2018-10-05\stanford-chinese-corenlp-2018-10-05-models.jar;..\stanford-corenlp-full-2018-10-05\stanford-corenlp-3.9.2-javadoc.jar;..\stanford-corenlp-full-2018-10-05\stanford-corenlp-3.9.2-models.jar;..\stanford-corenlp-full-2018-10-05\stanford-corenlp-3.9.2-sources.jar;..\stanford-corenlp-full-2018-10-05\stanford-corenlp-3.9.2.jar;..\stanford-corenlp-full-2018-10-05\xom-1.2.10-src.jar;..\stanford-corenlp-full-2018-10-05\xom.jar
Launcher Type: SUN_STANDARD

[Global flags]
     intx CICompilerCount                          = 4                                         {product} {ergonomic}
     uint ConcGCThreads                            = 2                                         {product} {ergonomic}
     uint G1ConcRefinementThreads                  = 8                                         {product} {ergonomic}
   size_t G1HeapRegionSize                         = 1048576                                   {product} {ergonomic}
    uintx GCDrainStackTargetSize                   = 64                                        {product} {ergonomic}
   size_t InitialHeapSize                          = 117440512                                 {product} {ergonomic}
   size_t MarkStackSize                            = 4194304                                   {product} {ergonomic}
   size_t MaxHeapSize                              = 4294967296                                {product} {command line}
   size_t MaxNewSize                               = 2576351232                                {product} {ergonomic}
   size_t MinHeapDeltaBytes                        = 1048576                                   {product} {ergonomic}
    uintx NonNMethodCodeHeapSize                   = 5835340                                {pd product} {ergonomic}
    uintx NonProfiledCodeHeapSize                  = 122911450                              {pd product} {ergonomic}
    uintx ProfiledCodeHeapSize                     = 122911450                              {pd product} {ergonomic}
    uintx ReservedCodeCacheSize                    = 251658240                              {pd product} {ergonomic}
     bool SegmentedCodeCache                       = true                                      {product} {ergonomic}
     bool UseCompressedClassPointers               = true                                 {lp64_product} {ergonomic}
     bool UseCompressedOops                        = true                                 {lp64_product} {ergonomic}
     bool UseG1GC                                  = true                                      {product} {ergonomic}
     bool UseLargePagesIndividualAllocation        = false                                  {pd product} {ergonomic}

Logging:
Log output configuration:
 #0: stdout all=warning uptime,level,tags
 #1: stderr all=off uptime,level,tags

Environment Variables:
JAVA_HOME=C:\ApplicationsOnPatrick\JavaDev\jdk11
PATH=C:\Program Files (x86)\Common Files\Oracle\Java\javapath;C:\ApplicationsOnPatrick\PythonDev\Scripts\;C:\ApplicationsOnPatrick\PythonDev\;C:\WINDOWS\system32;C:\WINDOWS;C:\WINDOWS\System32\Wbem;C:\WINDOWS\System32\WindowsPowerShell\v1.0\;C:\Program Files\Intel\WiFi\bin\;C:\Program Files\Common Files\Intel\WirelessCommon\;C:\ApplicationsOnPatrick\PythonDev\Scripts;C:\Program Files (x86)\Graphviz2.38\bin;C:\WINDOWS\System32\OpenSSH\;C:\ApplicationsOnPatrick\mingw64\bin;C:\ApplicationsOnPatrick\mysql8.0.12\bin;C:\ApplicationsOnPatrick\JavaDev\jdk11\bin\;C:\ApplicationsOnPatrick\Git\cmd;C:\ApplicationsOnPatrick\sqlite;C:\Users\Dawne\AppData\Local\Microsoft\WindowsApps;;C:\ApplicationsOnPatrick\Microsoft VS Code\bin;D:\ApplicationsOnPatrick\PyCharm Community Edition 2018.3\bin;;D:\PyCharm 2018.3\bin;;C:\ApplicationsOnPatrick\PythonDev\lib\site-packages\numpy\.libs;C:\ApplicationsOnPatrick\PythonDev\lib\site-packages\scipy\extra-dll
USERNAME=Dawne
OS=Windows_NT
PROCESSOR_IDENTIFIER=AMD64 Family 23 Model 17 Stepping 0, AuthenticAMD



---------------  S Y S T E M  ---------------

OS: Windows 10 , 64 bit Build 17134 (10.0.17134.1)

CPU:total 8 (initial active 8) (8 cores per cpu, 2 threads per core) family 23 model 17 stepping 0, cmov, cx8, fxsr, mmx, sse, sse2, sse3, ssse3, sse4.1, sse4.2, popcnt, avx, avx2, aes, clmul, mmxext, 3dnowpref, lzcnt, sse4a, ht, tsc, tscinvbit, tscinv, bmi1, bmi2, adx, sha, fma

Memory: 4k page, system-wide physical 7069M (700M free)
TotalPageFile size 25841M (AvailPageFile size 100M)
current process WorkingSet (physical memory assigned to process): 197M, peak: 197M
current process commit charge ("private bytes"): 245M, peak: 360M

vm_info: Java HotSpot(TM) 64-Bit Server VM (11+28) for windows-amd64 JRE (11+28), built on Aug 23 2018 03:03:59 by "mach5one" with MS VC++ 15.5 (VS2017)

END.
